Line 68: Class MSAdodcLib.Adodc of control exe was not a loaded control class.
Line 74: The property name _ExtentX in exe is invalid.
Line 75: The property name _ExtentY in exe is invalid.
Line 76: The property name ConnectMode in exe is invalid.
Line 77: The property name CursorLocation in exe is invalid.
Line 78: The property name IsolationLevel in exe is invalid.
Line 79: The property name ConnectionTimeout in exe is invalid.
Line 80: The property name CommandTimeout in exe is invalid.
Line 81: The property name CursorType in exe is invalid.
Line 82: The property name LockType in exe is invalid.
Line 83: The property name CommandType in exe is invalid.
Line 84: The property name CursorOptions in exe is invalid.
Line 85: The property name CacheSize in exe is invalid.
Line 86: The property name MaxRecords in exe is invalid.
Line 87: The property name BOFAction in exe is invalid.
Line 88: The property name EOFAction in exe is invalid.
Line 89: The property name ConnectStringType in exe is invalid.
Line 93: The property name Orientation in exe is invalid.
Line 95: The property name Connect in exe is invalid.
Line 96: The property name OLEDBString in exe is invalid.
Line 97: The property name OLEDBFile in exe is invalid.
Line 98: The property name DataSourceName in exe is invalid.
Line 99: The property name OtherAttributes in exe is invalid.
Line 100: The property name UserName in exe is invalid.
Line 101: The property name Password in exe is invalid.
Line 102: The property name RecordSource in exe is invalid.
Line 103: The property name Caption in exe is invalid.
Line 113: The property name _Version in exe is invalid.
